#
# There is insufficient memory for the Java Runtime Environment to continue.
# Native memory allocation (malloc) failed to allocate 657776 bytes for Chunk::new
# Possible reasons:
#   The system is out of physical RAM or swap space
#   The process is running with CompressedOops enabled, and the Java Heap may be blocking the growth of the native heap
# Possible solutions:
#   Reduce memory load on the system
#   Increase physical memory or swap space
#   Check if swap backing store is full
#   Decrease Java heap size (-Xmx/-Xms)
#   Decrease number of Java threads
#   Decrease Java thread stack sizes (-Xss)
#   Set larger code cache with -XX:ReservedCodeCacheSize=
#   JVM is running with Unscaled Compressed Oops mode in which the Java heap is
#     placed in the first 4GB address space. The Java Heap base address is the
#     maximum limit for the native heap growth. Please use -XX:HeapBaseMinAddress
#     to set the Java Heap base and to place the Java Heap above 4GB virtual address.
# This output file may be truncated or incomplete.
#
#  Out of Memory Error (allocation.cpp:389), pid=43612, tid=0x00000000000078d0
#
# JRE version: OpenJDK Runtime Environment (8.0_292-b10) (build 1.8.0_292-b10)
# Java VM: OpenJDK 64-Bit Server VM (25.292-b10 mixed mode windows-amd64 compressed oops)
# Failed to write core dump. Minidumps are not enabled by default on client versions of Windows
#

---------------  T H R E A D  ---------------

Current thread (0x0000027c4f272800):  JavaThread "C2 CompilerThread2" daemon [_thread_in_native, id=30928, stack(0x0000008789c00000,0x0000008789d00000)]

Stack: [0x0000008789c00000,0x0000008789d00000]
[error occurred during error reporting (printing stack bounds), id 0xc0000005]

Native frames: (J=compiled Java code, j=interpreted, Vv=VM code, C=native code)


Current CompileTask:
C2:  25380 6021   !   4       java.lang.reflect.Executable::sharedToGenericString (329 bytes)


---------------  P R O C E S S  ---------------

Java Threads: ( => current thread )
  0x0000027c553af800 JavaThread "Memory manager" [_thread_blocked, id=7956, stack(0x0000008793300000,0x0000008793400000)]
  0x0000027c553b1000 JavaThread "jar transforms Thread 116" [_thread_blocked, id=56732, stack(0x0000008793200000,0x0000008793300000)]
  0x0000027c553b0800 JavaThread "jar transforms Thread 115" [_thread_blocked, id=47168, stack(0x0000008793100000,0x0000008793200000)]
  0x0000027c553ac800 JavaThread "jar transforms Thread 114" [_thread_blocked, id=47820, stack(0x0000008793000000,0x0000008793100000)]
  0x0000027c553ab800 JavaThread "jar transforms Thread 113" [_thread_blocked, id=16316, stack(0x0000008792f00000,0x0000008793000000)]
  0x0000027c553a4800 JavaThread "jar transforms Thread 112" [_thread_blocked, id=29064, stack(0x0000008792e00000,0x0000008792f00000)]
  0x0000027c553a9800 JavaThread "jar transforms Thread 111" [_thread_blocked, id=38680, stack(0x0000008792d00000,0x0000008792e00000)]
  0x0000027c553a8800 JavaThread "jar transforms Thread 110" [_thread_blocked, id=42944, stack(0x0000008792c00000,0x0000008792d00000)]
  0x0000027c553ab000 JavaThread "jar transforms Thread 109" [_thread_blocked, id=38392, stack(0x0000008792b00000,0x0000008792c00000)]
  0x0000027c553a8000 JavaThread "jar transforms Thread 108" [_thread_blocked, id=55772, stack(0x0000008792a00000,0x0000008792b00000)]
  0x0000027c553a7000 JavaThread "jar transforms Thread 107" [_thread_blocked, id=49924, stack(0x0000008792900000,0x0000008792a00000)]
  0x0000027c553a6000 JavaThread "jar transforms Thread 106" [_thread_blocked, id=27640, stack(0x0000008792800000,0x0000008792900000)]
  0x0000027c553a5800 JavaThread "jar transforms Thread 105" [_thread_blocked, id=14268, stack(0x0000008792700000,0x0000008792800000)]
  0x0000027c553a4000 JavaThread "jar transforms Thread 104" [_thread_blocked, id=33028, stack(0x0000008792600000,0x0000008792700000)]
  0x0000027c553a3000 JavaThread "jar transforms Thread 103" [_thread_blocked, id=32800, stack(0x0000008792500000,0x0000008792600000)]
  0x0000027c53154800 JavaThread "jar transforms Thread 102" [_thread_blocked, id=25212, stack(0x0000008792400000,0x0000008792500000)]
  0x0000027c53153800 JavaThread "jar transforms Thread 101" [_thread_blocked, id=46176, stack(0x0000008792300000,0x0000008792400000)]
  0x0000027c53153000 JavaThread "jar transforms Thread 100" [_thread_blocked, id=48640, stack(0x0000008792200000,0x0000008792300000)]
  0x0000027c53156000 JavaThread "jar transforms Thread 99" [_thread_blocked, id=31716, stack(0x0000008792100000,0x0000008792200000)]
  0x0000027c53152000 JavaThread "jar transforms Thread 98" [_thread_blocked, id=3644, stack(0x0000008792000000,0x0000008792100000)]
  0x0000027c53155800 JavaThread "jar transforms Thread 97" [_thread_blocked, id=47756, stack(0x0000008791f00000,0x0000008792000000)]
  0x0000027c5314a800 JavaThread "jar transforms Thread 96" [_thread_blocked, id=43488, stack(0x0000008791e00000,0x0000008791f00000)]
  0x0000027c53151800 JavaThread "jar transforms Thread 95" [_thread_blocked, id=25372, stack(0x0000008791d00000,0x0000008791e00000)]
  0x0000027c53149800 JavaThread "jar transforms Thread 94" [_thread_blocked, id=40296, stack(0x0000008791c00000,0x0000008791d00000)]
  0x0000027c53150800 JavaThread "jar transforms Thread 93" [_thread_blocked, id=55244, stack(0x0000008791b00000,0x0000008791c00000)]
  0x0000027c53150000 JavaThread "jar transforms Thread 92" [_thread_blocked, id=32940, stack(0x0000008791a00000,0x0000008791b00000)]
  0x0000027c53148000 JavaThread "jar transforms Thread 91" [_thread_blocked, id=27260, stack(0x0000008791900000,0x0000008791a00000)]
  0x0000027c5314c000 JavaThread "jar transforms Thread 90" [_thread_blocked, id=41256, stack(0x0000008791800000,0x0000008791900000)]
  0x0000027c5314b000 JavaThread "jar transforms Thread 89" [_thread_blocked, id=56548, stack(0x0000008791700000,0x0000008791800000)]
  0x0000027c53148800 JavaThread "jar transforms Thread 88" [_thread_blocked, id=51100, stack(0x0000008791600000,0x0000008791700000)]
  0x0000027c5314e000 JavaThread "jar transforms Thread 87" [_thread_blocked, id=24224, stack(0x0000008791500000,0x0000008791600000)]
  0x0000027c5314c800 JavaThread "jar transforms Thread 86" [_thread_blocked, id=38092, stack(0x0000008791400000,0x0000008791500000)]
  0x0000027c5314f000 JavaThread "jar transforms Thread 85" [_thread_blocked, id=11584, stack(0x0000008791300000,0x0000008791400000)]
  0x0000027c53147000 JavaThread "jar transforms Thread 84" [_thread_blocked, id=25272, stack(0x0000008791200000,0x0000008791300000)]
  0x0000027c5314d800 JavaThread "jar transforms Thread 83" [_thread_blocked, id=37716, stack(0x0000008791100000,0x0000008791200000)]
  0x0000027c55918000 JavaThread "jar transforms Thread 82" [_thread_blocked, id=11768, stack(0x0000008791000000,0x0000008791100000)]
  0x0000027c55913800 JavaThread "jar transforms Thread 81" [_thread_blocked, id=30596, stack(0x0000008790f00000,0x0000008791000000)]
  0x0000027c55912800 JavaThread "jar transforms Thread 80" [_thread_blocked, id=5336, stack(0x0000008790e00000,0x0000008790f00000)]
  0x0000027c55915800 JavaThread "jar transforms Thread 79" [_thread_blocked, id=22716, stack(0x0000008790d00000,0x0000008790e00000)]
  0x0000027c55916800 JavaThread "jar transforms Thread 78" [_thread_blocked, id=55616, stack(0x0000008790c00000,0x0000008790d00000)]
  0x0000027c55917800 JavaThread "jar transforms Thread 77" [_thread_blocked, id=27156, stack(0x0000008790b00000,0x0000008790c00000)]
  0x0000027c55914000 JavaThread "jar transforms Thread 76" [_thread_blocked, id=56512, stack(0x0000008790a00000,0x0000008790b00000)]
  0x0000027c55915000 JavaThread "jar transforms Thread 75" [_thread_blocked, id=56660, stack(0x0000008790900000,0x0000008790a00000)]
  0x0000027c55919000 JavaThread "jar transforms Thread 74" [_thread_blocked, id=2088, stack(0x0000008790800000,0x0000008790900000)]
  0x0000027c5590b000 JavaThread "jar transforms Thread 73" [_thread_blocked, id=23648, stack(0x0000008790700000,0x0000008790800000)]
  0x0000027c55912000 JavaThread "jar transforms Thread 72" [_thread_blocked, id=7984, stack(0x0000008790600000,0x0000008790700000)]
  0x0000027c5590a000 JavaThread "jar transforms Thread 71" [_thread_blocked, id=50972, stack(0x0000008790500000,0x0000008790600000)]
  0x0000027c55911000 JavaThread "jar transforms Thread 70" [_thread_blocked, id=12764, stack(0x0000008790400000,0x0000008790500000)]
  0x0000027c5590f800 JavaThread "jar transforms Thread 69" [_thread_blocked, id=43104, stack(0x0000008790300000,0x0000008790400000)]
  0x0000027c5590b800 JavaThread "jar transforms Thread 68" [_thread_blocked, id=40992, stack(0x0000008790200000,0x0000008790300000)]
  0x0000027c5590e800 JavaThread "jar transforms Thread 67" [_thread_blocked, id=32960, stack(0x0000008790100000,0x0000008790200000)]
  0x0000027c5590e000 JavaThread "jar transforms Thread 66" [_thread_blocked, id=38136, stack(0x0000008790000000,0x0000008790100000)]
  0x0000027c5590d000 JavaThread "jar transforms Thread 65" [_thread_blocked, id=57044, stack(0x000000878ff00000,0x0000008790000000)]
  0x0000027c55910800 JavaThread "jar transforms Thread 64" [_thread_blocked, id=28956, stack(0x000000878fe00000,0x000000878ff00000)]
  0x0000027c5590c800 JavaThread "jar transforms Thread 63" [_thread_blocked, id=2768, stack(0x000000878fd00000,0x000000878fe00000)]
  0x0000027c5081f000 JavaThread "jar transforms Thread 62" [_thread_blocked, id=35976, stack(0x000000878fc00000,0x000000878fd00000)]
  0x0000027c50821000 JavaThread "jar transforms Thread 61" [_thread_blocked, id=32164, stack(0x000000878fb00000,0x000000878fc00000)]
  0x0000027c50820800 JavaThread "jar transforms Thread 60" [_thread_blocked, id=26024, stack(0x000000878fa00000,0x000000878fb00000)]
  0x0000027c5081f800 JavaThread "jar transforms Thread 59" [_thread_blocked, id=29876, stack(0x000000878f900000,0x000000878fa00000)]
  0x0000027c50823800 JavaThread "jar transforms Thread 58" [_thread_blocked, id=38432, stack(0x000000878f800000,0x000000878f900000)]
  0x0000027c50822800 JavaThread "jar transforms Thread 57" [_thread_blocked, id=32080, stack(0x000000878f700000,0x000000878f800000)]
  0x0000027c50822000 JavaThread "jar transforms Thread 56" [_thread_blocked, id=11780, stack(0x000000878f600000,0x000000878f700000)]
  0x0000027c5081e000 JavaThread "jar transforms Thread 55" [_thread_blocked, id=26840, stack(0x000000878f500000,0x000000878f600000)]
  0x0000027c50816000 JavaThread "jar transforms Thread 54" [_thread_blocked, id=29356, stack(0x000000878f400000,0x000000878f500000)]
  0x0000027c5081b000 JavaThread "jar transforms Thread 53" [_thread_blocked, id=57108, stack(0x000000878f300000,0x000000878f400000)]
  0x0000027c5081a000 JavaThread "jar transforms Thread 52" [_thread_blocked, id=48636, stack(0x000000878f200000,0x000000878f300000)]
  0x0000027c50817800 JavaThread "jar transforms Thread 51" [_thread_blocked, id=38008, stack(0x000000878f100000,0x000000878f200000)]
  0x0000027c5081c800 JavaThread "jar transforms Thread 50" [_thread_blocked, id=29148, stack(0x000000878f000000,0x000000878f100000)]
  0x0000027c50817000 JavaThread "jar transforms Thread 49" [_thread_blocked, id=34288, stack(0x000000878ef00000,0x000000878f000000)]
  0x0000027c50819800 JavaThread "jar transforms Thread 48" [_thread_blocked, id=45896, stack(0x000000878ee00000,0x000000878ef00000)]
  0x0000027c5081d000 JavaThread "jar transforms Thread 47" [_thread_blocked, id=3380, stack(0x000000878ed00000,0x000000878ee00000)]
  0x0000027c50818800 JavaThread "jar transforms Thread 46" [_thread_blocked, id=20580, stack(0x000000878ec00000,0x000000878ed00000)]
  0x0000027c50814800 JavaThread "jar transforms Thread 45" [_thread_blocked, id=29940, stack(0x000000878eb00000,0x000000878ec00000)]
  0x0000027c5081b800 JavaThread "jar transforms Thread 44" [_thread_blocked, id=3608, stack(0x000000878ea00000,0x000000878eb00000)]
  0x0000027c50815800 JavaThread "jar transforms Thread 43" [_thread_blocked, id=57000, stack(0x000000878e900000,0x000000878ea00000)]
  0x0000027c510fb800 JavaThread "jar transforms Thread 42" [_thread_blocked, id=36260, stack(0x000000878e800000,0x000000878e900000)]
  0x0000027c510fb000 JavaThread "jar transforms Thread 41" [_thread_blocked, id=46444, stack(0x000000878e700000,0x000000878e800000)]
  0x0000027c510f9800 JavaThread "jar transforms Thread 40" [_thread_blocked, id=29092, stack(0x000000878e600000,0x000000878e700000)]
  0x0000027c510fa000 JavaThread "jar transforms Thread 39" [_thread_blocked, id=47340, stack(0x000000878e500000,0x000000878e600000)]
  0x0000027c510f8800 JavaThread "jar transforms Thread 38" [_thread_blocked, id=29932, stack(0x000000878e400000,0x000000878e500000)]
  0x0000027c510f8000 JavaThread "jar transforms Thread 37" [_thread_blocked, id=46044, stack(0x000000878e300000,0x000000878e400000)]
  0x0000027c510f0000 JavaThread "jar transforms Thread 36" [_thread_blocked, id=56112, stack(0x000000878e200000,0x000000878e300000)]
  0x0000027c510f7000 JavaThread "jar transforms Thread 35" [_thread_blocked, id=2084, stack(0x000000878e100000,0x000000878e200000)]
  0x0000027c510f6800 JavaThread "jar transforms Thread 34" [_thread_blocked, id=25208, stack(0x000000878e000000,0x000000878e100000)]
  0x0000027c510ee800 JavaThread "jar transforms Thread 33" [_thread_blocked, id=43836, stack(0x000000878df00000,0x000000878e000000)]
  0x0000027c510f5800 JavaThread "jar transforms Thread 32" [_thread_blocked, id=57328, stack(0x000000878de00000,0x000000878df00000)]
  0x0000027c510f4800 JavaThread "jar transforms Thread 31" [_thread_blocked, id=46240, stack(0x000000878dd00000,0x000000878de00000)]
  0x0000027c510ef000 JavaThread "jar transforms Thread 30" [_thread_blocked, id=21380, stack(0x000000878dc00000,0x000000878dd00000)]
  0x0000027c510f2800 JavaThread "jar transforms Thread 29" [_thread_blocked, id=22548, stack(0x000000878db00000,0x000000878dc00000)]
  0x0000027c510f1800 JavaThread "jar transforms Thread 28" [_thread_blocked, id=42856, stack(0x000000878da00000,0x000000878db00000)]
  0x0000027c510f1000 JavaThread "jar transforms Thread 27" [_thread_blocked, id=42500, stack(0x000000878d900000,0x000000878da00000)]
  0x0000027c510ed000 JavaThread "jar transforms Thread 26" [_thread_blocked, id=31576, stack(0x000000878d800000,0x000000878d900000)]
  0x0000027c510f3000 JavaThread "jar transforms Thread 25" [_thread_blocked, id=8388, stack(0x000000878d700000,0x000000878d800000)]
  0x0000027c510f4000 JavaThread "jar transforms Thread 24" [_thread_blocked, id=56796, stack(0x000000878d600000,0x000000878d700000)]
  0x0000027c510ed800 JavaThread "jar transforms Thread 23" [_thread_blocked, id=56756, stack(0x000000878d500000,0x000000878d600000)]
  0x0000027c514ab000 JavaThread "jar transforms Thread 22" [_thread_blocked, id=29360, stack(0x000000878d400000,0x000000878d500000)]
  0x0000027c514ae000 JavaThread "Build operations Thread 8" [_thread_blocked, id=49520, stack(0x000000878d300000,0x000000878d400000)]
  0x0000027c514ad800 JavaThread "Build operations Thread 7" [_thread_blocked, id=14084, stack(0x000000878d200000,0x000000878d300000)]
  0x0000027c514ac000 JavaThread "Build operations Thread 6" [_thread_blocked, id=50744, stack(0x000000878d100000,0x000000878d200000)]
  0x0000027c514aa000 JavaThread "Build operations Thread 5" [_thread_blocked, id=24896, stack(0x000000878d000000,0x000000878d100000)]
  0x0000027c514af000 JavaThread "Build operations Thread 4" [_thread_blocked, id=29176, stack(0x000000878cf00000,0x000000878d000000)]
  0x0000027c514ac800 JavaThread "Build operations Thread 3" [_thread_blocked, id=41272, stack(0x000000878ce00000,0x000000878cf00000)]
  0x0000027c514a2800 JavaThread "Build operations Thread 2" [_thread_blocked, id=15936, stack(0x000000878cd00000,0x000000878ce00000)]
  0x0000027c514a9800 JavaThread "Build operations" [_thread_blocked, id=18632, stack(0x000000878cc00000,0x000000878cd00000)]
  0x0000027c514a1800 JavaThread "File lock release action executor" [_thread_blocked, id=38260, stack(0x000000878cb00000,0x000000878cc00000)]
  0x0000027c514a8800 JavaThread "Cache worker for Build Output Cleanup Cache (C:\Users\Jaros\AndroidStudioProjects\KotlinAndroidApplication\.gradle\buildOutputCleanup)" [_thread_blocked, id=28352, stack(0x000000878ca00000,0x000000878cb00000)]
  0x0000027c514a1000 JavaThread "Cache worker for file content cache (C:\Users\Jaros\.gradle\caches\6.7.1\fileContent)" [_thread_blocked, id=34616, stack(0x000000878c900000,0x000000878ca00000)]
  0x0000027c514a4000 JavaThread "Cache worker for execution history cache (C:\Users\Jaros\.gradle\caches\6.7.1\executionHistory)" [_thread_blocked, id=46964, stack(0x000000878c800000,0x000000878c900000)]
  0x0000027c51fd4000 JavaThread "Cache worker for cache directory md-rule (C:\Users\Jaros\.gradle\caches\6.7.1\md-rule)" [_thread_blocked, id=56060, stack(0x000000878c700000,0x000000878c800000)]
  0x0000027c51fd0800 JavaThread "Cache worker for cache directory md-supplier (C:\Users\Jaros\.gradle\caches\6.7.1\md-supplier)" [_thread_blocked, id=28932, stack(0x000000878c600000,0x000000878c700000)]
  0x0000027c51fd1000 JavaThread "Cache worker for checksums cache (C:\Users\Jaros\AndroidStudioProjects\KotlinAndroidApplication\.gradle\checksums)" [_thread_blocked, id=3344, stack(0x000000878c500000,0x000000878c600000)]
  0x0000027c51fd2000 JavaThread "jar transforms Thread 21" [_thread_blocked, id=34904, stack(0x000000878c400000,0x000000878c500000)]
  0x0000027c51fd2800 JavaThread "jar transforms Thread 20" [_thread_blocked, id=42144, stack(0x000000878c300000,0x000000878c400000)]
  0x0000027c51fd3800 JavaThread "jar transforms Thread 19" [_thread_blocked, id=26948, stack(0x000000878c200000,0x000000878c300000)]
  0x0000027c51fc8800 JavaThread "jar transforms Thread 18" [_thread_blocked, id=16500, stack(0x000000878c100000,0x000000878c200000)]
  0x0000027c51fcf800 JavaThread "jar transforms Thread 17" [_thread_blocked, id=24796, stack(0x000000878c000000,0x000000878c100000)]
  0x0000027c51fce800 JavaThread "jar transforms Thread 16" [_thread_blocked, id=46512, stack(0x000000878bf00000,0x000000878c000000)]
  0x0000027c51fce000 JavaThread "jar transforms Thread 15" [_thread_blocked, id=24396, stack(0x000000878be00000,0x000000878bf00000)]
  0x0000027c51fcd000 JavaThread "jar transforms Thread 14" [_thread_blocked, id=35340, stack(0x000000878bd00000,0x000000878be00000)]
  0x0000027c51fc5800 JavaThread "jar transforms Thread 13" [_thread_blocked, id=28324, stack(0x000000878bc00000,0x000000878bd00000)]
  0x0000027c51fc7800 JavaThread "jar transforms Thread 12" [_thread_blocked, id=50092, stack(0x000000878bb00000,0x000000878bc00000)]
  0x0000027c51fcc800 JavaThread "jar transforms Thread 11" [_thread_blocked, id=48116, stack(0x000000878ba00000,0x000000878bb00000)]
  0x0000027c51fc9000 JavaThread "jar transforms Thread 10" [_thread_blocked, id=27072, stack(0x000000878b900000,0x000000878ba00000)]
  0x0000027c51fc6000 JavaThread "jar transforms Thread 9" [_thread_blocked, id=40352, stack(0x000000878b800000,0x000000878b900000)]
  0x0000027c51fcb000 JavaThread "jar transforms Thread 8" [_thread_blocked, id=50992, stack(0x000000878b700000,0x000000878b800000)]
  0x0000027c51fca000 JavaThread "jar transforms Thread 7" [_thread_blocked, id=24908, stack(0x000000878b600000,0x000000878b700000)]
  0x0000027c51fcb800 JavaThread "jar transforms Thread 6" [_thread_blocked, id=45980, stack(0x000000878b500000,0x000000878b600000)]
  0x0000027c51fc7000 JavaThread "jar transforms Thread 5" [_thread_blocked, id=23212, stack(0x000000878b400000,0x000000878b500000)]
  0x0000027c4f27a800 JavaThread "jar transforms Thread 4" [_thread_blocked, id=28004, stack(0x000000878b300000,0x000000878b400000)]
  0x0000027c4f279800 JavaThread "jar transforms Thread 3" [_thread_blocked, id=23096, stack(0x000000878b200000,0x000000878b300000)]
  0x0000027c4f279000 JavaThread "jar transforms Thread 2" [_thread_blocked, id=57284, stack(0x000000878b100000,0x000000878b200000)]
  0x0000027c4f278000 JavaThread "jar transforms" [_thread_blocked, id=26128, stack(0x000000878b000000,0x000000878b100000)]
  0x0000027c4f27f000 JavaThread "Cache worker for file hash cache (C:\Users\Jaros\AndroidStudioProjects\KotlinAndroidApplication\.gradle\6.7.1\fileHashes)" [_thread_blocked, id=27532, stack(0x000000878af00000,0x000000878b000000)]
  0x0000027c4f27d000 JavaThread "Cache worker for journal cache (C:\Users\Jaros\.gradle\caches\journal-1)" [_thread_blocked, id=19868, stack(0x000000878ae00000,0x000000878af00000)]
  0x0000027c4f27e800 JavaThread "File lock request listener" [_thread_in_native, id=49820, stack(0x000000878ad00000,0x000000878ae00000)]
  0x0000027c4f27b800 JavaThread "Cache worker for file hash cache (C:\Users\Jaros\.gradle\caches\6.7.1\fileHashes)" [_thread_blocked, id=35292, stack(0x000000878ac00000,0x000000878ad00000)]
  0x0000027c527fc000 JavaThread "Thread-9" [_thread_blocked, id=24128, stack(0x000000878ab00000,0x000000878ac00000)]
  0x0000027c527c6800 JavaThread "Stdin handler" [_thread_blocked, id=30828, stack(0x000000878aa00000,0x000000878ab00000)]
  0x0000027c527bf000 JavaThread "Asynchronous log dispatcher for DefaultDaemonConnection: socket connection from /127.0.0.1:56831 to /127.0.0.1:56832" [_thread_blocked, id=41260, stack(0x000000878a900000,0x000000878aa00000)]
  0x0000027c527ce000 JavaThread "Daemon worker" [_thread_in_native, id=50380, stack(0x000000878a800000,0x000000878a900000)]
  0x0000027c52881800 JavaThread "Cancel handler" [_thread_blocked, id=37696, stack(0x000000878a700000,0x000000878a800000)]
  0x0000027c5278d000 JavaThread "Handler for socket connection from /127.0.0.1:56831 to /127.0.0.1:56832" [_thread_in_native, id=13960, stack(0x000000878a600000,0x000000878a700000)]
  0x0000027c526b6000 JavaThread "Daemon" [_thread_blocked, id=27372, stack(0x000000878a500000,0x000000878a600000)]
  0x0000027c526b4000 JavaThread "Daemon periodic checks" [_thread_blocked, id=29260, stack(0x000000878a400000,0x000000878a500000)]
  0x0000027c52725000 JavaThread "Incoming local TCP Connector on port 56831" [_thread_in_native, id=34696, stack(0x000000878a300000,0x000000878a400000)]
  0x0000027c525fc000 JavaThread "Daemon health stats" [_thread_blocked, id=38792, stack(0x000000878a000000,0x000000878a100000)]
  0x0000027c50648800 JavaThread "Service Thread" daemon [_thread_blocked, id=33492, stack(0x0000008789e00000,0x0000008789f00000)]
  0x0000027c4f27c000 JavaThread "C1 CompilerThread3" daemon [_thread_blocked, id=28192, stack(0x0000008789d00000,0x0000008789e00000)]
=>0x0000027c4f272800 JavaThread "C2 CompilerThread2" daemon [_thread_in_native, id=30928, stack(0x0000008789c00000,0x0000008789d00000)]
  0x0000027c4f269800 JavaThread "C2 CompilerThread1" daemon [_thread_in_native, id=29984, stack(0x0000008789b00000,0x0000008789c00000)]
  0x0000027c4f266000 JavaThread "C2 CompilerThread0" daemon [_thread_in_native, id=27012, stack(0x0000008789a00000,0x0000008789b00000)]
  0x0000027c4f25d800 JavaThread "Attach Listener" daemon [_thread_blocked, id=27064, stack(0x0000008789900000,0x0000008789a00000)]
  0x0000027c4f258800 JavaThread "Signal Dispatcher" daemon [_thread_blocked, id=47684, stack(0x0000008789800000,0x0000008789900000)]
  0x0000027c387dd800 JavaThread "Finalizer" daemon [_thread_blocked, id=35104, stack(0x0000008789700000,0x0000008789800000)]
  0x0000027c387d6800 JavaThread "Reference Handler" daemon [_thread_blocked, id=47928, stack(0x0000008789600000,0x0000008789700000)]
  0x0000027c385b4800 JavaThread "main" [_thread_blocked, id=47652, stack(0x0000008788c00000,0x0000008788d00000)]

Other Threads:
  0x0000027c4f204000 VMThread [stack: 0x0000008789500000,0x0000008789600000] [id=22508]
  0x0000027c4f2de800 WatcherThread [stack: 0x0000008789f00000,0x000000878a000000] [id=40360]

VM state:not at safepoint (normal execution)

VM Mutex/Monitor currently owned by a thread: None

heap address: 0x0000000080000000, size: 2048 MB, Compressed Oops mode: 32-bit
Narrow klass base: 0x0000000000000000, Narrow klass shift: 3
Compressed class space size: 1073741824 Address: 0x0000000100000000

Heap:
 PSYoungGen      total 203264K, used 58535K [0x00000000d5580000, 0x00000000e3980000, 0x0000000100000000)
  eden space 187392K, 31% used [0x00000000d5580000,0x00000000d8ea9f78,0x00000000e0c80000)
  from space 15872K, 0% used [0x00000000e1f80000,0x00000000e1f80000,0x00000000e2f00000)
  to   space 19456K, 0% used [0x00000000e0c80000,0x00000000e0c80000,0x00000000e1f80000)
 ParOldGen       total 217600K, used 32443K [0x0000000080000000, 0x000000008d480000, 0x00000000d5580000)
  object space 217600K, 14% used [0x0000000080000000,0x0000000081faed90,0x000000008d480000)
 Metaspace       used 58288K, capacity 60704K, committed 60928K, reserved 1101824K
  class space    used 7865K, capacity 8347K, committed 8448K, reserved 1048576K

Card table byte_map: [0x0000027c49360000,0x0000027c49770000] byte_map_base: 0x0000027c48f60000

Marking Bits: (ParMarkBitMap*) 0x000000006aeef7f0
 Begin Bits: [0x0000027c49a20000, 0x0000027c4ba20000)
 End Bits:   [0x0000027c4ba20000, 0x0000027c4da20000)

Polling page: 0x0000027c38680000

CodeCache: size=245760Kb used=18799Kb max_used=18799Kb free=226960Kb
 bounds [0x0000027c39fa0000, 0x0000027c3b210000, 0x0000027c48fa0000]
 total_blobs=6166 nmethods=5377 adapters=701
 compilation: enabled

Compilation events (10 events):
Event: 25.340 Thread 0x0000027c4f27c000 6029       3       java.util.Optional::empty (6 bytes)
Event: 25.340 Thread 0x0000027c4f27c000 nmethod 6029 0x0000027c3b1df950 code [0x0000027c3b1dfaa0, 0x0000027c3b1dfbd8]
Event: 25.340 Thread 0x0000027c4f27c000 6030       3       com.google.common.cache.LocalCache$LocalLoadingCache::get (9 bytes)
Event: 25.341 Thread 0x0000027c4f27c000 nmethod 6030 0x0000027c3b1e5e50 code [0x0000027c3b1e6020, 0x0000027c3b1e6740]
Event: 25.341 Thread 0x0000027c4f27c000 6031       3       com.google.common.cache.LocalCache::getOrLoad (10 bytes)
Event: 25.341 Thread 0x0000027c4f27c000 nmethod 6031 0x0000027c3b1e5150 code [0x0000027c3b1e5320, 0x0000027c3b1e59c0]
Event: 25.345 Thread 0x0000027c4f27c000 6033       3       java.util.Optional::orElse (16 bytes)
Event: 25.345 Thread 0x0000027c4f27c000 nmethod 6033 0x0000027c3b1e0110 code [0x0000027c3b1e0260, 0x0000027c3b1e0418]
Event: 25.345 Thread 0x0000027c4f27c000 6034       3       org.gradle.plugin.use.internal.DefaultPluginId::hashCode (8 bytes)
Event: 25.346 Thread 0x0000027c4f27c000 nmethod 6034 0x0000027c3b1e2210 code [0x0000027c3b1e2380, 0x0000027c3b1e2590]

GC Heap History (10 events):
Event: 10.598 GC heap before
{Heap before GC invocations=9 (full 2):
 PSYoungGen      total 113664K, used 7599K [0x00000000d5580000, 0x00000000e0500000, 0x0000000100000000)
  eden space 100864K, 0% used [0x00000000d5580000,0x00000000d5580000,0x00000000db800000)
  from space 12800K, 59% used [0x00000000db800000,0x00000000dbf6bdd0,0x00000000dc480000)
  to   space 12288K, 0% used [0x00000000df900000,0x00000000df900000,0x00000000e0500000)
 ParOldGen       total 99840K, used 8221K [0x0000000080000000, 0x0000000086180000, 0x00000000d5580000)
  object space 99840K, 8% used [0x0000000080000000,0x00000000808077e0,0x0000000086180000)
 Metaspace       used 34095K, capacity 35390K, committed 35416K, reserved 1079296K
  class space    used 4813K, capacity 5114K, committed 5120K, reserved 1048576K
Event: 10.634 GC heap after
Heap after GC invocations=9 (full 2):
 PSYoungGen      total 113664K, used 0K [0x00000000d5580000, 0x00000000e0500000, 0x0000000100000000)
  eden space 100864K, 0% used [0x00000000d5580000,0x00000000d5580000,0x00000000db800000)
  from space 12800K, 0% used [0x00000000db800000,0x00000000db800000,0x00000000dc480000)
  to   space 12288K, 0% used [0x00000000df900000,0x00000000df900000,0x00000000e0500000)
 ParOldGen       total 149504K, used 14421K [0x0000000080000000, 0x0000000089200000, 0x00000000d5580000)
  object space 149504K, 9% used [0x0000000080000000,0x0000000080e15720,0x0000000089200000)
 Metaspace       used 34095K, capacity 35390K, committed 35416K, reserved 1079296K
  class space    used 4813K, capacity 5114K, committed 5120K, reserved 1048576K
}
Event: 13.042 GC heap before
{Heap before GC invocations=10 (full 2):
 PSYoungGen      total 113664K, used 100864K [0x00000000d5580000, 0x00000000e0500000, 0x0000000100000000)
  eden space 100864K, 100% used [0x00000000d5580000,0x00000000db800000,0x00000000db800000)
  from space 12800K, 0% used [0x00000000db800000,0x00000000db800000,0x00000000dc480000)
  to   space 12288K, 0% used [0x00000000df900000,0x00000000df900000,0x00000000e0500000)
 ParOldGen       total 149504K, used 14421K [0x0000000080000000, 0x0000000089200000, 0x00000000d5580000)
  object space 149504K, 9% used [0x0000000080000000,0x0000000080e15720,0x0000000089200000)
 Metaspace       used 40686K, capacity 42252K, committed 42624K, reserved 1085440K
  class space    used 5563K, capacity 5890K, committed 6016K, reserved 1048576K
Event: 13.051 GC heap after
Heap after GC invocations=10 (full 2):
 PSYoungGen      total 161792K, used 10623K [0x00000000d5580000, 0x00000000e0380000, 0x0000000100000000)
  eden space 151040K, 0% used [0x00000000d5580000,0x00000000d5580000,0x00000000de900000)
  from space 10752K, 98% used [0x00000000df900000,0x00000000e035fe78,0x00000000e0380000)
  to   space 13312K, 0% used [0x00000000de980000,0x00000000de980000,0x00000000df680000)
 ParOldGen       total 149504K, used 14429K [0x0000000080000000, 0x0000000089200000, 0x00000000d5580000)
  object space 149504K, 9% used [0x0000000080000000,0x0000000080e17720,0x0000000089200000)
 Metaspace       used 40686K, capacity 42252K, committed 42624K, reserved 1085440K
  class space    used 5563K, capacity 5890K, committed 6016K, reserved 1048576K
}
Event: 22.727 GC heap before
{Heap before GC invocations=11 (full 2):
 PSYoungGen      total 161792K, used 161663K [0x00000000d5580000, 0x00000000e0380000, 0x0000000100000000)
  eden space 151040K, 100% used [0x00000000d5580000,0x00000000de900000,0x00000000de900000)
  from space 10752K, 98% used [0x00000000df900000,0x00000000e035fe78,0x00000000e0380000)
  to   space 13312K, 0% used [0x00000000de980000,0x00000000de980000,0x00000000df680000)
 ParOldGen       total 149504K, used 14429K [0x0000000080000000, 0x0000000089200000, 0x00000000d5580000)
  object space 149504K, 9% used [0x0000000080000000,0x0000000080e17720,0x0000000089200000)
 Metaspace       used 48373K, capacity 50528K, committed 50816K, reserved 1093632K
  class space    used 6570K, capacity 6982K, committed 7040K, reserved 1048576K
Event: 22.739 GC heap after
Heap after GC invocations=11 (full 2):
 PSYoungGen      total 164864K, used 13286K [0x00000000d5580000, 0x00000000e2f00000, 0x0000000100000000)
  eden space 151552K, 0% used [0x00000000d5580000,0x00000000d5580000,0x00000000de980000)
  from space 13312K, 99% used [0x00000000de980000,0x00000000df6798d8,0x00000000df680000)
  to   space 15872K, 0% used [0x00000000e1f80000,0x00000000e1f80000,0x00000000e2f00000)
 ParOldGen       total 149504K, used 17993K [0x0000000080000000, 0x0000000089200000, 0x00000000d5580000)
  object space 149504K, 12% used [0x0000000080000000,0x0000000081192508,0x0000000089200000)
 Metaspace       used 48373K, capacity 50528K, committed 50816K, reserved 1093632K
  class space    used 6570K, capacity 6982K, committed 7040K, reserved 1048576K
}
Event: 24.666 GC heap before
{Heap before GC invocations=12 (full 2):
 PSYoungGen      total 164864K, used 104529K [0x00000000d5580000, 0x00000000e2f00000, 0x0000000100000000)
  eden space 151552K, 60% used [0x00000000d5580000,0x00000000dae9acf0,0x00000000de980000)
  from space 13312K, 99% used [0x00000000de980000,0x00000000df6798d8,0x00000000df680000)
  to   space 15872K, 0% used [0x00000000e1f80000,0x00000000e1f80000,0x00000000e2f00000)
 ParOldGen       total 149504K, used 17993K [0x0000000080000000, 0x0000000089200000, 0x00000000d5580000)
  object space 149504K, 12% used [0x0000000080000000,0x0000000081192508,0x0000000089200000)
 Metaspace       used 56465K, capacity 58934K, committed 59028K, reserved 1099776K
  class space    used 7649K, capacity 8138K, committed 8192K, reserved 1048576K
Event: 24.680 GC heap after
Heap after GC invocations=12 (full 2):
 PSYoungGen      total 203264K, used 15860K [0x00000000d5580000, 0x00000000e3980000, 0x0000000100000000)
  eden space 187392K, 0% used [0x00000000d5580000,0x00000000d5580000,0x00000000e0c80000)
  from space 15872K, 99% used [0x00000000e1f80000,0x00000000e2efd3f0,0x00000000e2f00000)
  to   space 19456K, 0% used [0x00000000e0c80000,0x00000000e0c80000,0x00000000e1f80000)
 ParOldGen       total 149504K, used 22460K [0x0000000080000000, 0x0000000089200000, 0x00000000d5580000)
  object space 149504K, 15% used [0x0000000080000000,0x00000000815ef3a0,0x0000000089200000)
 Metaspace       used 56465K, capacity 58934K, committed 59028K, reserved 1099776K
  class space    used 7649K, capacity 8138K, committed 8192K, reserved 1048576K
}
Event: 24.680 GC heap before
{Heap before GC invocations=13 (full 3):
 PSYoungGen      total 203264K, used 15860K [0x00000000d5580000, 0x00000000e3980000, 0x0000000100000000)
  eden space 187392K, 0% used [0x00000000d5580000,0x00000000d5580000,0x00000000e0c80000)
  from space 15872K, 99% used [0x00000000e1f80000,0x00000000e2efd3f0,0x00000000e2f00000)
  to   space 19456K, 0% used [0x00000000e0c80000,0x00000000e0c80000,0x00000000e1f80000)
 ParOldGen       total 149504K, used 22460K [0x0000000080000000, 0x0000000089200000, 0x00000000d5580000)
  object space 149504K, 15% used [0x0000000080000000,0x00000000815ef3a0,0x0000000089200000)
 Metaspace       used 56465K, capacity 58934K, committed 59028K, reserved 1099776K
  class space    used 7649K, capacity 8138K, committed 8192K, reserved 1048576K
Event: 24.822 GC heap after
Heap after GC invocations=13 (full 3):
 PSYoungGen      total 203264K, used 0K [0x00000000d5580000, 0x00000000e3980000, 0x0000000100000000)
  eden space 187392K, 0% used [0x00000000d5580000,0x00000000d5580000,0x00000000e0c80000)
  from space 15872K, 0% used [0x00000000e1f80000,0x00000000e1f80000,0x00000000e2f00000)
  to   space 19456K, 0% used [0x00000000e0c80000,0x00000000e0c80000,0x00000000e1f80000)
 ParOldGen       total 217600K, used 32443K [0x0000000080000000, 0x000000008d480000, 0x00000000d5580000)
  object space 217600K, 14% used [0x0000000080000000,0x0000000081faed90,0x000000008d480000)
 Metaspace       used 56371K, capacity 58672K, committed 59028K, reserved 1099776K
  class space    used 7623K, capacity 8099K, committed 8192K, reserved 1048576K
}

Deoptimization events (10 events):
Event: 24.358 Thread 0x0000027c527ce000 Uncommon trap: reason=unstable_if action=reinterpret pc=0x0000027c3ae979c0 method=org.gradle.internal.reflect.PropertyAccessorType.of(Ljava/lang/reflect/Method;)Lorg/gradle/internal/reflect/PropertyAccessorType; @ 56
Event: 24.836 Thread 0x0000027c527ce000 Uncommon trap: reason=null_check action=make_not_entrant pc=0x0000027c3a718d88 method=java.lang.ThreadLocal$ThreadLocalMap.getEntryAfterMiss(Ljava/lang/ThreadLocal;ILjava/lang/ThreadLocal$ThreadLocalMap$Entry;)Ljava/lang/ThreadLocal$ThreadLocalMap$Entry; 
Event: 24.851 Thread 0x0000027c527ce000 Uncommon trap: reason=unstable_if action=reinterpret pc=0x0000027c3a181fa4 method=java.lang.String.replace(CC)Ljava/lang/String; @ 2
Event: 24.857 Thread 0x0000027c527ce000 Uncommon trap: reason=bimorphic action=maybe_recompile pc=0x0000027c3a209810 method=org.codehaus.groovy.runtime.metaclass.MetaMethodIndex.addMethodToList(Ljava/lang/Object;Lgroovy/lang/MetaMethod;)Ljava/lang/Object; @ 102
Event: 24.857 Thread 0x0000027c527ce000 Uncommon trap: reason=unstable_if action=reinterpret pc=0x0000027c3a3ae7ac method=org.codehaus.groovy.runtime.metaclass.MetaMethodIndex.copyNonPrivateNonNewMetaMethods(Lorg/codehaus/groovy/runtime/metaclass/MetaMethodIndex$Entry;Lorg/codehaus/groovy/runti
Event: 24.858 Thread 0x0000027c527ce000 Uncommon trap: reason=unstable_if action=reinterpret pc=0x0000027c3a559e88 method=groovy.lang.MetaClassImpl$1MOPIter.methodNameAction(Ljava/lang/Class;Lorg/codehaus/groovy/runtime/metaclass/MetaMethodIndex$Entry;)V @ 182
Event: 25.040 Thread 0x0000027c527ce000 Uncommon trap: reason=unstable_if action=reinterpret pc=0x0000027c3aebf3d4 method=java.util.concurrent.ConcurrentHashMap.addCount(JI)V @ 110
Event: 25.072 Thread 0x0000027c527ce000 Uncommon trap: reason=unstable_if action=reinterpret pc=0x0000027c3aebbf2c method=java.util.concurrent.ConcurrentHashMap.addCount(JI)V @ 110
Event: 25.223 Thread 0x0000027c527ce000 Uncommon trap: reason=unstable_if action=reinterpret pc=0x0000027c3ae7bbf0 method=groovy.lang.MetaClassImpl.filterPropertyMethod(Ljava/lang/Object;ZZ)Ljava/lang/Object; @ 60
Event: 25.227 Thread 0x0000027c527ce000 Uncommon trap: reason=null_check action=make_not_entrant pc=0x0000027c3a806480 method=java.lang.Class.searchMethods([Ljava/lang/reflect/Method;Ljava/lang/String;[Ljava/lang/Class;)Ljava/lang/reflect/Method; @ 59

Classes redefined (0 events):
No events

Internal exceptions (10 events):
Event: 25.325 Thread 0x0000027c527ce000 Exception <a 'java/lang/ClassNotFoundException': org/jetbrains/kotlin/gradle/dsl/KotlinJvmOptionsImplBeanInfo> (0x00000000d892b120) thrown at [C:\wsjdk\Corretto8Src\installers\windows\zip\corretto-build\buildRoot\src\hotspot\src\share\vm\classfile\systemD
Event: 25.326 Thread 0x0000027c527ce000 Exception <a 'java/lang/ClassNotFoundException': org/jetbrains/kotlin/gradle/dsl/KotlinJvmOptionsBaseBeanInfo> (0x00000000d894cfc8) thrown at [C:\wsjdk\Corretto8Src\installers\windows\zip\corretto-build\buildRoot\src\hotspot\src\share\vm\classfile\systemD
Event: 25.326 Thread 0x0000027c527ce000 Exception <a 'java/lang/ClassNotFoundException': org/jetbrains/kotlin/gradle/dsl/KotlinJvmOptionsBaseCustomizer> (0x00000000d896f558) thrown at [C:\wsjdk\Corretto8Src\installers\windows\zip\corretto-build\buildRoot\src\hotspot\src\share\vm\classfile\syste
Event: 25.327 Thread 0x0000027c527ce000 Exception <a 'java/lang/ClassNotFoundException': org/jetbrains/kotlin/gradle/dsl/KotlinJvmOptionsImplCustomizer> (0x00000000d89b7610) thrown at [C:\wsjdk\Corretto8Src\installers\windows\zip\corretto-build\buildRoot\src\hotspot\src\share\vm\classfile\syste
Event: 25.331 Thread 0x0000027c527ce000 Exception <a 'java/lang/ClassNotFoundException': com/android/build/gradle/internal/dsl/ApplicationBuildFeaturesImpl_DecoratedBeanInfo> (0x00000000d8a55208) thrown at [C:\wsjdk\Corretto8Src\installers\windows\zip\corretto-build\buildRoot\src\hotspot\src\sh
Event: 25.331 Thread 0x0000027c527ce000 Exception <a 'java/lang/ClassNotFoundException': com/android/build/gradle/internal/dsl/ApplicationBuildFeaturesImplBeanInfo> (0x00000000d8a7b4f0) thrown at [C:\wsjdk\Corretto8Src\installers\windows\zip\corretto-build\buildRoot\src\hotspot\src\share\vm\cla
Event: 25.332 Thread 0x0000027c527ce000 Exception <a 'java/lang/ClassNotFoundException': com/android/build/gradle/internal/dsl/BuildFeaturesImplBeanInfo> (0x00000000d8a9e318) thrown at [C:\wsjdk\Corretto8Src\installers\windows\zip\corretto-build\buildRoot\src\hotspot\src\share\vm\classfile\syst
Event: 25.332 Thread 0x0000027c527ce000 Exception <a 'java/lang/ClassNotFoundException': com/android/build/gradle/internal/dsl/BuildFeaturesImplCustomizer> (0x00000000d8ac17f8) thrown at [C:\wsjdk\Corretto8Src\installers\windows\zip\corretto-build\buildRoot\src\hotspot\src\share\vm\classfile\sy
Event: 25.333 Thread 0x0000027c527ce000 Exception <a 'java/lang/ClassNotFoundException': com/android/build/gradle/internal/dsl/ApplicationBuildFeaturesImplCustomizer> (0x00000000d8afc288) thrown at [C:\wsjdk\Corretto8Src\installers\windows\zip\corretto-build\buildRoot\src\hotspot\src\share\vm\c
Event: 25.334 Thread 0x0000027c527ce000 Exception <a 'java/lang/ClassNotFoundException': com/android/build/gradle/internal/dsl/ApplicationBuildFeaturesImpl_DecoratedCustomizer> (0x00000000d8b30070) thrown at [C:\wsjdk\Corretto8Src\installers\windows\zip\corretto-build\buildRoot\src\hotspot\src\

Events (10 events):
Event: 25.346 loading class org/gradle/api/artifacts/repositories/FlatDirectoryArtifactRepository
Event: 25.346 loading class org/gradle/api/artifacts/repositories/FlatDirectoryArtifactRepository done
Event: 25.347 loading class com/google/wireless/android/sdk/stats/GradleBuildSplits$1
Event: 25.347 loading class com/google/wireless/android/sdk/stats/GradleBuildSplits$1 done
Event: 25.357 loading class com/google/wireless/android/sdk/stats/GradleBuildSplits$2
Event: 25.357 loading class com/google/wireless/android/sdk/stats/GradleBuildSplits$2 done
Event: 25.361 loading class com/google/wireless/android/sdk/stats/GradleBuildSplits$3
Event: 25.361 loading class com/google/wireless/android/sdk/stats/GradleBuildSplits$3 done
Event: 25.364 loading class com/google/wireless/android/sdk/stats/GradleBuildSplits$Builder
Event: 25.364 loading class com/google/wireless/android/sdk/stats/GradleBuildSplits$Builder done


Dynamic libraries:
0x00007ff75ad20000 - 0x00007ff75ad5a000 	C:\Users\Jaros\.jdks\corretto-1.8.0_292\bin\java.exe
0x00007ffcfe930000 - 0x00007ffcfeb25000 	C:\Windows\SYSTEM32\ntdll.dll
0x00007ffcfe040000 - 0x00007ffcfe0fe000 	C:\Windows\System32\KERNEL32.DLL
0x00007ffcfc5d0000 - 0x00007ffcfc898000 	C:\Windows\System32\KERNELBASE.dll
0x00007ffcfe210000 - 0x00007ffcfe2bc000 	C:\Windows\System32\ADVAPI32.dll
0x00007ffcfe170000 - 0x00007ffcfe20e000 	C:\Windows\System32\msvcrt.dll
0x00007ffcfca00000 - 0x00007ffcfca9b000 	C:\Windows\System32\sechost.dll
0x00007ffcfe490000 - 0x00007ffcfe5ba000 	C:\Windows\System32\RPCRT4.dll
0x00007ffcfe2c0000 - 0x00007ffcfe461000 	C:\Windows\System32\USER32.dll
0x00007ffcfc160000 - 0x00007ffcfc182000 	C:\Windows\System32\win32u.dll
0x00007ffcfd6a0000 - 0x00007ffcfd6cb000 	C:\Windows\System32\GDI32.dll
0x00007ffcfc050000 - 0x00007ffcfc15b000 	C:\Windows\System32\gdi32full.dll
0x00007ffcfc4d0000 - 0x00007ffcfc56d000 	C:\Windows\System32\msvcp_win.dll
0x00007ffcfc190000 - 0x00007ffcfc290000 	C:\Windows\System32\ucrtbase.dll
0x00007ffce66d0000 - 0x00007ffce696a000 	C:\Windows\WinSxS\amd64_microsoft.windows.common-controls_6595b64144ccf1df_6.0.19041.1110_none_60b5254171f9507e\COMCTL32.dll
0x00007ffcfdb80000 - 0x00007ffcfdbb0000 	C:\Windows\System32\IMM32.DLL
0x00007ffcc78e0000 - 0x00007ffcc79cf000 	C:\Users\Jaros\.jdks\corretto-1.8.0_292\jre\bin\msvcr120.dll
0x00007ffcc7e10000 - 0x00007ffcc7eb6000 	C:\Users\Jaros\.jdks\corretto-1.8.0_292\jre\bin\msvcp120.dll
0x000000006a700000 - 0x000000006af6e000 	C:\Users\Jaros\.jdks\corretto-1.8.0_292\jre\bin\server\jvm.dll
0x00007ffcfe030000 - 0x00007ffcfe038000 	C:\Windows\System32\PSAPI.DLL
0x00007ffced370000 - 0x00007ffced397000 	C:\Windows\SYSTEM32\WINMM.dll
0x00007ffceded0000 - 0x00007ffceded9000 	C:\Windows\SYSTEM32\WSOCK32.dll
0x00007ffcf4e00000 - 0x00007ffcf4e0a000 	C:\Windows\SYSTEM32\VERSION.dll
0x00007ffcfd7b0000 - 0x00007ffcfd81b000 	C:\Windows\System32\WS2_32.dll
0x00007ffcee710000 - 0x00007ffcee71f000 	C:\Users\Jaros\.jdks\corretto-1.8.0_292\jre\bin\verify.dll
0x00007ffcc9d60000 - 0x00007ffcc9d89000 	C:\Users\Jaros\.jdks\corretto-1.8.0_292\jre\bin\java.dll
0x00007ffcedf80000 - 0x00007ffcedf96000 	C:\Users\Jaros\.jdks\corretto-1.8.0_292\jre\bin\zip.dll
0x00007ffcfcf60000 - 0x00007ffcfd69f000 	C:\Windows\System32\SHELL32.dll
0x00007ffcfa030000 - 0x00007ffcfa7c0000 	C:\Windows\SYSTEM32\windows.storage.dll
0x00007ffcfd820000 - 0x00007ffcfdb75000 	C:\Windows\System32\combase.dll
0x00007ffcfb8f0000 - 0x00007ffcfb91e000 	C:\Windows\SYSTEM32\Wldp.dll
0x00007ffcfcaa0000 - 0x00007ffcfcb4d000 	C:\Windows\System32\SHCORE.dll
0x00007ffcfe6b0000 - 0x00007ffcfe705000 	C:\Windows\System32\shlwapi.dll
0x00007ffcfbf90000 - 0x00007ffcfbfaf000 	C:\Windows\SYSTEM32\profapi.dll
0x00007ffcedd40000 - 0x00007ffcedd5a000 	C:\Users\Jaros\.jdks\corretto-1.8.0_292\jre\bin\net.dll
0x00007ffcfb6d0000 - 0x00007ffcfb73a000 	C:\Windows\system32\mswsock.dll
0x00007ffcd6380000 - 0x00007ffcd6392000 	C:\Users\Jaros\.jdks\corretto-1.8.0_292\jre\bin\nio.dll
0x00007ffcee5f0000 - 0x00007ffcee616000 	C:\Users\Jaros\.gradle\native\fdc75f09e3144964f2cf3f50f0aa648679c211496f362492102eb8c894070792\windows-amd64\native-platform.dll
0x00007ffcc2b30000 - 0x00007ffcc2cc1000 	C:\Users\Jaros\.gradle\native\12488b8bf47d2d4c9fbf2f6322a914ad602e24e48041cd04a747c6da556b65c4\windows-amd64\native-platform-file-events.dll
0x00007ffcee660000 - 0x00007ffcee66d000 	C:\Users\Jaros\.jdks\corretto-1.8.0_292\jre\bin\management.dll
0x00007ffcfbc90000 - 0x00007ffcfbca8000 	C:\Windows\SYSTEM32\CRYPTSP.dll
0x00007ffcfb070000 - 0x00007ffcfb0a4000 	C:\Windows\system32\rsaenh.dll
0x00007ffcfc950000 - 0x00007ffcfc977000 	C:\Windows\System32\bcrypt.dll
0x00007ffcfbf10000 - 0x00007ffcfbf3e000 	C:\Windows\SYSTEM32\USERENV.dll
0x00007ffcfc3f0000 - 0x00007ffcfc473000 	C:\Windows\System32\bcryptprimitives.dll
0x00007ffcfb860000 - 0x00007ffcfb86c000 	C:\Windows\SYSTEM32\CRYPTBASE.dll
0x00007ffcfb3e0000 - 0x00007ffcfb41b000 	C:\Windows\SYSTEM32\IPHLPAPI.DLL
0x00007ffcfcc20000 - 0x00007ffcfcc28000 	C:\Windows\System32\NSI.dll
0x00007ffcf5930000 - 0x00007ffcf5947000 	C:\Windows\SYSTEM32\dhcpcsvc6.DLL
0x00007ffcf5910000 - 0x00007ffcf592d000 	C:\Windows\SYSTEM32\dhcpcsvc.DLL
0x00007ffcfb420000 - 0x00007ffcfb4eb000 	C:\Windows\SYSTEM32\DNSAPI.dll
0x00007ffcf5950000 - 0x00007ffcf595b000 	C:\Windows\SYSTEM32\WINNSI.DLL

VM Arguments:
jvm_args: -Xmx2048m -Dfile.encoding=UTF-8 -Duser.country=RU -Duser.language=ru -Duser.variant 
java_command: org.gradle.launcher.daemon.bootstrap.GradleDaemon 6.7.1
java_class_path (initial): C:\Users\Jaros\.gradle\wrapper\dists\gradle-6.7.1-bin\bwlcbys1h7rz3272sye1xwiv6\gradle-6.7.1\lib\gradle-launcher-6.7.1.jar
Launcher Type: SUN_STANDARD

Environment Variables:
JAVA_HOME=C:\Program Files\Java\jdk-14.0.2
PATH=C:\Windows\system32;C:\Windows;C:\Windows\System32\Wbem;C:\Windows\System32\WindowsPowerShell\v1.0\;C:\Windows\System32\OpenSSH\;C:\Program Files\Git\cmd;C:\Program Files\Java\jdk-14.0.2\bin;F:\maven\bin;C:\Program Files (x86)\NVIDIA Corporation\PhysX\Common;;C:\Program Files\NVIDIA Corporation\NVIDIA NvDLISR;C:\Program Files\nodejs\;C:\ProgramData\chocolatey\bin;C:\Program Files\Amazon\AWSCLIV2\;C:\Program Files\Docker\Docker\resources\bin;C:\ProgramData\DockerDesktop\version-bin;C:\Users\Jaros\AppData\Local\Microsoft\WindowsApps;;C:\Program Files\JetBrains\IntelliJ IDEA 2020.3.2\bin;;C:\Program Files\JetBrains\PhpStorm 2021.2.1\bin;;C:\Users\Jaros\AppData\Roaming\npm
USERNAME=Jaros
OS=Windows_NT
PROCESSOR_IDENTIFIER=Intel64 Family 6 Model 158 Stepping 9, GenuineIntel



---------------  S Y S T E M  ---------------

OS: Windows 10.0 , 64 bit Build 19041 (10.0.19041.1348)

CPU:total 8 (initial active 8) (4 cores per cpu, 2 threads per core) family 6 model 158 stepping 9, cmov, cx8, fxsr, mmx, sse, sse2, sse3, ssse3, sse4.1, sse4.2, popcnt, avx, avx2, aes, clmul, erms, 3dnowpref, lzcnt, ht, tsc, tscinvbit, bmi1, bmi2, adx

Memory: 4k page, physical 16695924k(2672628k free), swap 67027572k(5136k free)

vm_info: OpenJDK 64-Bit Server VM (25.292-b10) for windows-amd64 JRE (1.8.0_292-b10), built on Apr 14 2021 23:06:53 by "Administrator" with MS VC++ 12.0 (VS2013)

time: Tue Feb 15 16:57:49 2022
timezone: Oeieyiaey (ceia)
elapsed time: 25.428661 seconds (0d 0h 0m 25s)

